SF:lib/core/http_service/http_service.dart
DA:6,0
LF:1
LH:0
end_of_record
SF:lib/features/data/data_sources/remote/apod_remote_data_source.dart
DA:13,1
DA:15,1
DA:17,3
DA:19,1
DA:22,4
DA:23,2
DA:25,3
LF:7
LH:7
end_of_record
SF:lib/features/data/models/apod_model.dart
DA:7,2
DA:9,1
DA:10,1
DA:11,1
DA:12,1
DA:16,1
DA:17,3
LF:7
LH:7
end_of_record
SF:lib/generated/l10n.dart
DA:16,2
DA:20,2
DA:21,2
DA:28,2
DA:29,2
DA:30,0
DA:31,2
DA:32,2
DA:33,6
DA:34,2
DA:35,2
DA:42,0
DA:43,0
DA:44,0
DA:49,0
DA:50,0
DA:54,1
DA:55,1
DA:59,1
DA:64,1
DA:65,1
DA:69,1
DA:75,6
DA:77,0
DA:83,0
DA:84,0
DA:85,0
DA:86,0
DA:87,0
DA:90,0
DA:91,0
DA:92,0
LF:32
LH:17
end_of_record
SF:lib/features/domain/entities/apod/apod_entity.dart
DA:7,5
DA:9,1
DA:10,3
LF:3
LH:3
end_of_record
SF:lib/generated/intl/messages_all.dart
DA:22,6
DA:23,0
DA:26,0
DA:28,0
DA:29,0
DA:36,2
DA:37,2
DA:38,6
DA:39,2
DA:41,2
DA:43,0
DA:44,0
DA:45,0
DA:46,0
DA:47,0
DA:50,0
DA:52,0
DA:58,0
DA:60,0
DA:62,0
LF:20
LH:6
end_of_record
SF:lib/generated/intl/messages_en_US.dart
DA:16,0
DA:21,0
DA:24,0
DA:25,0
DA:28,0
LF:5
LH:0
end_of_record
SF:lib/core/error/failure.dart
DA:6,6
DA:8,0
DA:9,0
LF:3
LH:1
end_of_record
SF:lib/features/data/repositories/apod_repository_impl.dart
DA:11,1
DA:13,1
DA:16,2
DA:17,2
LF:4
LH:4
end_of_record
SF:lib/features/domain/usecases/apod/get_apod.dart
DA:10,1
DA:12,1
DA:14,2
LF:3
LH:3
end_of_record
SF:lib/features/presentation/blocs/apod/apod_bloc.dart
DA:10,3
DA:11,2
DA:12,2
DA:13,2
DA:14,1
DA:15,4
DA:16,3
LF:7
LH:7
end_of_record
SF:lib/features/presentation/blocs/apod/apod_state.dart
DA:5,1
DA:6,1
DA:16,2
DA:18,1
DA:19,5
DA:25,2
DA:27,1
DA:28,2
LF:8
LH:8
end_of_record
SF:lib/features/presentation/pages/apod/full_screen_apod_page.dart
DA:7,1
DA:9,1
DA:11,1
DA:12,1
DA:13,0
DA:14,0
DA:16,1
DA:17,2
LF:8
LH:6
end_of_record
SF:lib/features/presentation/pages/apod/apod_page.dart
DA:11,1
DA:13,1
DA:15,1
DA:16,1
DA:17,1
DA:18,2
DA:22,1
DA:23,1
DA:24,1
DA:25,3
DA:27,1
DA:29,1
DA:30,1
DA:31,0
DA:32,0
DA:34,0
DA:35,0
DA:36,0
DA:37,0
DA:43,1
DA:44,1
DA:46,1
DA:47,1
DA:48,2
DA:49,4
DA:53,1
DA:54,3
DA:62,1
DA:63,3
LF:29
LH:23
end_of_record
SF:lib/core/extension/quotation_extension.dart
DA:3,1
DA:4,1
LF:2
LH:2
end_of_record
